{
  message: 'Server is running on port 5000',
  level: 'info',
  label: 'UM!',
  timestamp: '2023-06-06T04:24:23.595Z'
}
{
  message: 'Database connected successfully.',
  level: 'info',
  label: 'UM!',
  timestamp: '2023-06-06T04:24:37.490Z'
}
{
  message: 'Server is running on port 5000',
  level: 'info',
  label: 'UM!',
  timestamp: '2023-06-06T04:29:36.594Z'
}
{
  message: 'Database connected successfully.',
  level: 'info',
  label: 'UM!',
  timestamp: '2023-06-06T04:29:41.102Z'
}
{
  message: 'Server is running on port 5000',
  level: 'info',
  label: 'UM!',
  timestamp: '2023-06-06T04:30:01.085Z'
}
{
  message: 'Database connected successfully.',
  level: 'info',
  label: 'UM!',
  timestamp: '2023-06-06T04:30:04.154Z'
}
{
  message: 'Server is running on port 5000',
  level: 'info',
  label: 'UM!',
  timestamp: '2023-06-06T04:30:42.109Z'
}
{
  message: 'Database connected successfully.',
  level: 'info',
  label: 'UM!',
  timestamp: '2023-06-06T04:30:45.375Z'
}
{
  message: 'Server is running on port 5000',
  level: 'info',
  label: 'UM!',
  timestamp: '2023-06-06T04:30:57.191Z'
}
{
  message: 'Database connected successfully.',
  level: 'info',
  label: 'UM!',
  timestamp: '2023-06-06T04:31:02.757Z'
}
{
  message: 'Server is running on port 5000',
  level: 'info',
  label: 'UM!',
  timestamp: '2023-06-06T04:31:21.345Z'
}
{
  message: 'Database connected successfully.',
  level: 'info',
  label: 'UM!',
  timestamp: '2023-06-06T04:31:28.179Z'
}
{
  message: 'Server is running on port 5000',
  level: 'info',
  label: 'UM!',
  timestamp: '2023-06-06T04:31:52.681Z'
}
{
  message: 'Database connected successfully.',
  level: 'info',
  label: 'UM!',
  timestamp: '2023-06-06T04:31:55.996Z'
}
{
  message: 'Server is running on port 5000',
  level: 'info',
  label: 'UM!',
  timestamp: '2023-06-06T04:33:09.476Z'
}
{
  message: 'Database connected successfully.',
  level: 'info',
  label: 'UM!',
  timestamp: '2023-06-06T04:33:14.695Z'
}
{
  message: 'Server is running on port 5000',
  level: 'info',
  label: 'UM!',
  timestamp: '2023-06-06T04:33:34.724Z'
}
{
  message: 'Database connected successfully.',
  level: 'info',
  label: 'UM!',
  timestamp: '2023-06-06T04:33:37.819Z'
}
{
  message: 'Server is running on port 5000',
  level: 'info',
  label: 'UM!',
  timestamp: '2023-06-06T04:33:47.686Z'
}
{
  message: 'Server is running on port 5000',
  level: 'info',
  label: 'UM!',
  timestamp: '2023-06-06T04:34:14.241Z'
}
{
  message: 'Database connected successfully.',
  level: 'info',
  label: 'UM!',
  timestamp: '2023-06-06T04:34:17.567Z'
}
{
  message: 'Server is running on port 5000',
  level: 'info',
  label: 'UM!',
  timestamp: '2023-06-06T04:34:46.607Z'
}
{
  message: 'Database connected successfully.',
  level: 'info',
  label: 'UM!',
  timestamp: '2023-06-06T04:34:50.093Z'
}
{
  message: 'Server is running on port 5000',
  level: 'info',
  label: 'UM!',
  timestamp: '2023-06-06T04:36:21.707Z'
}
{
  message: 'Database connected successfully.',
  level: 'info',
  label: 'UM!',
  timestamp: '2023-06-06T04:36:24.945Z'
}
{
  message: 'Server is running on port 5000',
  level: 'info',
  label: 'UM!',
  timestamp: '2023-06-06T04:51:18.010Z'
}
{
  message: 'Database connected successfully.',
  level: 'info',
  label: 'UM!',
  timestamp: '2023-06-06T04:51:23.147Z'
}
{
  message: 'Server is running on port 5000',
  level: 'info',
  label: 'UM!',
  timestamp: '2023-06-06T04:51:56.854Z'
}
{
  message: 'Database connected successfully.',
  level: 'info',
  label: 'UM!',
  timestamp: '2023-06-06T04:52:00.007Z'
}
{
  message: 'Server is running on port 5000',
  level: 'info',
  label: 'UM!',
  timestamp: '2023-06-06T04:52:02.949Z'
}
{
  message: 'Database connected successfully.',
  level: 'info',
  label: 'UM!',
  timestamp: '2023-06-06T04:52:06.112Z'
}
{
  message: 'Server is running on port 5000',
  level: 'info',
  label: 'UM!',
  timestamp: '2023-06-06T04:52:40.713Z'
}
{
  message: 'Database connected successfully.',
  level: 'info',
  label: 'UM!',
  timestamp: '2023-06-06T04:52:43.914Z'
}
{
  message: 'Server is running on port 5000',
  level: 'info',
  label: 'UM!',
  timestamp: '2023-06-06T04:52:50.431Z'
}
{
  message: 'Database connected successfully.',
  level: 'info',
  label: 'UM!',
  timestamp: '2023-06-06T04:52:53.597Z'
}
{
  message: 'Server is running on port 5000',
  level: 'info',
  label: 'UM!',
  timestamp: '2023-06-06T04:53:20.796Z'
}
{
  message: 'Database connected successfully.',
  level: 'info',
  label: 'UM!',
  timestamp: '2023-06-06T04:53:23.918Z'
}
{
  message: 'Server is running on port 5000',
  level: 'info',
  label: 'UM!',
  timestamp: '2023-06-06T04:53:34.144Z'
}
{
  message: 'Database connected successfully.',
  level: 'info',
  label: 'UM!',
  timestamp: '2023-06-06T04:53:37.295Z'
}
{
  message: 'Server is running on port 5000',
  level: 'info',
  label: 'UM!',
  timestamp: '2023-06-06T04:53:40.491Z'
}
{
  message: 'Database connected successfully.',
  level: 'info',
  label: 'UM!',
  timestamp: '2023-06-06T04:53:43.842Z'
}
{
  message: 'Server is running on port 5000',
  level: 'info',
  label: 'UM!',
  timestamp: '2023-06-06T04:59:17.571Z'
}
{
  message: 'Database connected successfully.',
  level: 'info',
  label: 'UM!',
  timestamp: '2023-06-06T04:59:20.841Z'
}
