{
  message: 'Server is running on port 5000',
  level: 'info',
  label: 'UM!',
  timestamp: '2023-06-05T05:13:59.025Z'
}
{
  message: 'Database connected successfully.',
  level: 'info',
  label: 'UM!',
  timestamp: '2023-06-05T05:14:02.737Z'
}
{
  message: 'Server is running on port 5000',
  level: 'info',
  label: 'UM!',
  timestamp: '2023-06-05T05:48:26.620Z'
}
{
  message: 'Database connected successfully.',
  level: 'info',
  label: 'UM!',
  timestamp: '2023-06-05T05:48:29.833Z'
}
{
  message: 'Server is running on port 5000',
  level: 'info',
  label: 'UM!',
  timestamp: '2023-06-05T05:52:02.474Z'
}
{
  message: 'Database connected successfully.',
  level: 'info',
  label: 'UM!',
  timestamp: '2023-06-05T05:52:05.674Z'
}
{
  message: 'Server is running on port 5000',
  level: 'info',
  label: 'UM!',
  timestamp: '2023-06-05T05:52:12.655Z'
}
{
  message: 'Database connected successfully.',
  level: 'info',
  label: 'UM!',
  timestamp: '2023-06-05T05:52:15.697Z'
}
{
  message: 'Server is running on port 5000',
  level: 'info',
  label: 'UM!',
  timestamp: '2023-06-05T05:55:40.352Z'
}
{
  message: 'Database connected successfully.',
  level: 'info',
  label: 'UM!',
  timestamp: '2023-06-05T05:55:43.602Z'
}
{
  message: 'Server is running on port 5000',
  level: 'info',
  label: 'UM!',
  timestamp: '2023-06-05T05:57:57.607Z'
}
{
  message: 'Database connected successfully.',
  level: 'info',
  label: 'UM!',
  timestamp: '2023-06-05T05:58:00.842Z'
}
