{
  message: 'Database connected successfully.',
  level: 'info',
  label: 'UM!',
  timestamp: '2023-06-12T13:18:42.251Z'
}
{
  message: 'Server is running on port 5000',
  level: 'info',
  label: 'UM!',
  timestamp: '2023-06-12T13:18:43.058Z'
}
{
  message: 'Database connected successfully.',
  level: 'info',
  label: 'UM!',
  timestamp: '2023-06-12T13:32:14.992Z'
}
{
  message: 'Server is running on port 5000',
  level: 'info',
  label: 'UM!',
  timestamp: '2023-06-12T13:32:15.192Z'
}
{
  message: 'Database connected successfully.',
  level: 'info',
  label: 'UM!',
  timestamp: '2023-06-12T13:42:25.522Z'
}
{
  message: 'Server is running on port 5000',
  level: 'info',
  label: 'UM!',
  timestamp: '2023-06-12T13:42:25.537Z'
}
